<?xml version="1.0" encoding="UTF-8"?>
<!-- Generated by org.testng.reporters.JUnitXMLReporter -->
<testsuite ignored="0" hostname="Faraz_Bin_Tariq" failures="0" tests="3" name="Default test" time="17.176" errors="0" timestamp="2025-12-01T11:07:41 IST">
  <testcase classname="com.cdac1.tests.MultiBrowserTest" name="testChrome" time="7.436"/>
  <testcase classname="com.cdac1.tests.MultiBrowserTest" name="testEdge" time="7.23"/>
  <testcase classname="com.cdac1.tests.MultiBrowserTest" name="testFirefox" time="2.407"/>
</testsuite> <!-- Default test -->
