<?xml version="1.0" encoding="UTF-8"?>
<testng-results ignored="0" total="3" passed="3" failed="0" skipped="0">
  <reporter-output>
  </reporter-output>
  <suite started-at="2025-12-01T11:07:24 IST" name="Default suite" finished-at="2025-12-01T11:07:41 IST" duration-ms="17176">
    <groups>
    </groups>
    <test started-at="2025-12-01T11:07:24 IST" name="Default test" finished-at="2025-12-01T11:07:41 IST" duration-ms="17176">
      <class name="com.cdac1.tests.MultiBrowserTest">
        <test-method signature="testChrome()[pri:0, instance:com.cdac1.tests.MultiBrowserTest@74235045]" started-at="2025-12-01T11:07:24 IST" name="testChrome" finished-at="2025-12-01T11:07:31 IST" duration-ms="7436" status="PASS">
          <reporter-output>
          </reporter-output>
        </test-method> <!-- testChrome -->
        <test-method signature="testEdge()[pri:0, instance:com.cdac1.tests.MultiBrowserTest@74235045]" started-at="2025-12-01T11:07:31 IST" name="testEdge" finished-at="2025-12-01T11:07:39 IST" duration-ms="7230" status="PASS">
          <reporter-output>
          </reporter-output>
        </test-method> <!-- testEdge -->
        <test-method signature="testFirefox()[pri:0, instance:com.cdac1.tests.MultiBrowserTest@74235045]" started-at="2025-12-01T11:07:39 IST" name="testFirefox" finished-at="2025-12-01T11:07:41 IST" duration-ms="2407" status="PASS">
          <reporter-output>
          </reporter-output>
        </test-method> <!-- testFirefox -->
      </class> <!-- com.cdac1.tests.MultiBrowserTest -->
    </test> <!-- Default test -->
  </suite> <!-- Default suite -->
</testng-results>
