<?xml version="1.0" encoding="UTF-8"?>
<!-- Generated by org.testng.reporters.JUnitReportReporter -->
<testsuite hostname="Faraz_Bin_Tariq" failures="0" tests="3" name="com.cdac1.tests.MultiBrowserTest" time="17.073" errors="0" timestamp="2025-12-01T11:07:41 IST" skipped="0">
  <testcase classname="com.cdac1.tests.MultiBrowserTest" name="testEdge" time="7.230"/>
  <testcase classname="com.cdac1.tests.MultiBrowserTest" name="testFirefox" time="2.407"/>
  <testcase classname="com.cdac1.tests.MultiBrowserTest" name="testChrome" time="7.436"/>
</testsuite> <!-- com.cdac1.tests.MultiBrowserTest -->
