<?xml version="1.0" encoding="UTF-8"?>
<!-- Generated by org.testng.reporters.JUnitReportReporter -->
<testsuite hostname="Faraz_Bin_Tariq" failures="0" tests="2" name="com.cdac1.tests.AssertEquals" time="0.027" errors="0" timestamp="2025-12-01T10:57:33 IST" skipped="0">
  <testcase classname="com.cdac1.tests.AssertEquals" name="testSubtraction" time="0.003"/>
  <testcase classname="com.cdac1.tests.AssertEquals" name="testAddition" time="0.024"/>
</testsuite> <!-- com.cdac1.tests.AssertEquals -->
